<?xml version="1.0" encoding="UTF-8"?>
<!-- Generated by org.testng.reporters.JUnitReportReporter -->
<testsuite hostname="LAPTOP-CFN001HV" failures="0" tests="2" name="testCases.Test_Inventory_Page_2" time="18.271" errors="0" timestamp="2023-12-12T20:25:04 IST" skipped="0">
  <testcase classname="testCases.Test_Inventory_Page_2" name="test_verifyproductsLabel" time="10.910"/>
  <system-out>
    <![CDATA[Label of Inventory Page = Products]]>
  </system-out>
  <testcase classname="testCases.Test_Inventory_Page_2" name="test_verifyfacebookLogo" time="7.361"/>
  <system-out>
    <![CDATA[Visibilty of Facebook Logo = true]]>
  </system-out>
</testsuite> <!-- testCases.Test_Inventory_Page_2 -->
