<?xml version="1.0" encoding="UTF-8"?>
<!-- Generated by org.testng.reporters.JUnitReportReporter -->
<testsuite hostname="LAPTOP-CFN001HV" failures="0" tests="1" name="testCases.Test_Shopping_Cart_3" time="9.032" errors="0" timestamp="2023-12-12T20:25:04 IST" skipped="0">
  <testcase classname="testCases.Test_Shopping_Cart_3" name="test_verify_cart_Quantity_Label" time="9.032"/>
  <system-out>
    <![CDATA[Label of Cart Quantity = QTY]]>
  </system-out>
</testsuite> <!-- testCases.Test_Shopping_Cart_3 -->
