<?xml version="1.0" encoding="UTF-8"?>
<!-- Generated by org.testng.reporters.JUnitReportReporter -->
<testsuite hostname="LAPTOP-CFN001HV" failures="0" tests="2" name="testCases.Test_Checkout_Your_Information_4" time="23.821" errors="0" timestamp="2023-12-12T19:40:51 IST" skipped="0">
  <testcase classname="testCases.Test_Checkout_Your_Information_4" name="test_verify_Swag_Labs_Title" time="12.705"/>
  <system-out>
    <![CDATA[swag Labs Titles = Swag Labs]]>
  </system-out>
  <testcase classname="testCases.Test_Checkout_Your_Information_4" name="test_verify_Checkout_Info_Title" time="11.116"/>
  <system-out>
    <![CDATA[Checkout Info title = Checkout: Your Information]]>
  </system-out>
</testsuite> <!-- testCases.Test_Checkout_Your_Information_4 -->
