<?xml version="1.0" encoding="UTF-8"?>
<!-- Generated by org.testng.reporters.JUnitReportReporter -->
<testsuite hostname="LAPTOP-CFN001HV" failures="0" tests="5" name="testCases.Test_Checkout_Complete_6" time="51.388" errors="0" timestamp="2023-12-08T01:44:01 IST" skipped="0">
  <testcase classname="testCases.Test_Checkout_Complete_6" name="test_verify_order_Dispatch_Message" time="10.964"/>
  <system-out>
    <![CDATA[Order Dispatch Message = Your order has been dispatched, and will arrive just as fast as the pony can get there!]]>
  </system-out>
  <testcase classname="testCases.Test_Checkout_Complete_6" name="test_verify_backHome_Button" time="9.235"/>
  <system-out>
    <![CDATA[Finds out Swag Labs Title = https://www.saucedemo.com/inventory.html]]>
  </system-out>
  <testcase classname="testCases.Test_Checkout_Complete_6" name="test_verify_thank_For_Order" time="10.392"/>
  <system-out>
    <![CDATA[Display Thanks Message = Thank you for your order!]]>
  </system-out>
  <testcase classname="testCases.Test_Checkout_Complete_6" name="test_verify_checkout_Complete_Title" time="9.346"/>
  <system-out>
    <![CDATA[Finds out Checkout Complete Title = Checkout: Complete!]]>
  </system-out>
  <testcase classname="testCases.Test_Checkout_Complete_6" name="test_verify_image_Displayed" time="11.451"/>
  <system-out>
    <![CDATA[Green Tick is Displayed = true]]>
  </system-out>
</testsuite> <!-- testCases.Test_Checkout_Complete_6 -->
