<?xml version="1.0" encoding="UTF-8"?>
<!-- Generated by org.testng.reporters.JUnitReportReporter -->
<testsuite hostname="LAPTOP-CFN001HV" failures="0" tests="1" name="testCases.Test_Checkout_Overview_5" time="14.109" errors="0" timestamp="2023-12-08T01:06:11 IST" skipped="0">
  <testcase classname="testCases.Test_Checkout_Overview_5" name="test_verify_Total_by_Contains" time="14.109"/>
  <system-out>
    <![CDATA[Finds out Total = true]]>
  </system-out>
</testsuite> <!-- testCases.Test_Checkout_Overview_5 -->
