<?xml version="1.0" encoding="UTF-8"?>
<!-- Generated by org.testng.reporters.JUnitReportReporter -->
<testsuite hostname="LAPTOP-CFN001HV" failures="0" tests="1" name="testCases.Test_LoginPage_1" time="10.648" errors="0" timestamp="2023-12-13T16:58:26 IST" skipped="0">
  <testcase classname="testCases.Test_LoginPage_1" name="test_login_to_Application_generate_ExtentReport" time="10.648"/>
  <system-out/>
</testsuite> <!-- testCases.Test_LoginPage_1 -->
